===2025-08-02 21:05:23.087 WARN  [main]  org.springframework.context.support.PostProcessorRegistrationDelegate$BeanPostProcessorChecker Line:429 - Bean 'com.alibaba.cloud.nacos.NacosConfigAutoConfiguration' of type [com.alibaba.cloud.nacos.NacosConfigAutoConfiguration] is not eligible for getting processed by all BeanPostProcessors (for example: not eligible for auto-proxying). The currently created BeanPostProcessor [nacosAnnotationProcessor] is declared through a non-static factory method on that class; consider declaring it as static instead.
===2025-08-02 21:05:23.808 WARN  [main]  org.springframework.boot.web.servlet.context.AnnotationConfigServletWebServerApplicationContext Line:635 - Exception encountered during context initialization - cancelling refresh attempt: org.springframework.context.ApplicationContextException: Failed to start bean 'webServerStartStop'
===2025-08-02 21:05:23.831 WARN  [Thread-1]  com.alibaba.nacos.common.executor.ThreadPoolManager Line:54  - [ThreadPoolManager] Start destroying ThreadPool
===2025-08-02 21:05:23.831 WARN  [Thread-8]  com.alibaba.nacos.common.notify.NotifyCenter Line:134 - [NotifyCenter] Start destroying Publisher
===2025-08-02 21:05:23.831 WARN  [Thread-6]  com.alibaba.nacos.common.http.HttpClientBeanHolder Line:102 - [HttpClientBeanHolder] Start destroying common HttpClient
===2025-08-02 21:05:23.831 WARN  [Thread-8]  com.alibaba.nacos.common.notify.NotifyCenter Line:151 - [NotifyCenter] Destruction of the end
===2025-08-02 21:05:23.831 WARN  [Thread-1]  com.alibaba.nacos.common.executor.ThreadPoolManager Line:56  - [ThreadPoolManager] Destruction of the end
===2025-08-02 21:06:12.031 WARN  [main]  org.springframework.context.support.PostProcessorRegistrationDelegate$BeanPostProcessorChecker Line:429 - Bean 'com.alibaba.cloud.nacos.NacosConfigAutoConfiguration' of type [com.alibaba.cloud.nacos.NacosConfigAutoConfiguration] is not eligible for getting processed by all BeanPostProcessors (for example: not eligible for auto-proxying). The currently created BeanPostProcessor [nacosAnnotationProcessor] is declared through a non-static factory method on that class; consider declaring it as static instead.
===2025-08-02 21:13:44.768 WARN  [Thread-8]  com.alibaba.nacos.common.notify.NotifyCenter Line:134 - [NotifyCenter] Start destroying Publisher
===2025-08-02 21:13:44.768 WARN  [Thread-1]  com.alibaba.nacos.common.executor.ThreadPoolManager Line:54  - [ThreadPoolManager] Start destroying ThreadPool
===2025-08-02 21:13:44.768 WARN  [Thread-6]  com.alibaba.nacos.common.http.HttpClientBeanHolder Line:102 - [HttpClientBeanHolder] Start destroying common HttpClient
===2025-08-02 21:13:44.773 WARN  [Thread-8]  com.alibaba.nacos.common.notify.NotifyCenter Line:151 - [NotifyCenter] Destruction of the end
===2025-08-02 21:13:44.773 WARN  [Thread-1]  com.alibaba.nacos.common.executor.ThreadPoolManager Line:56  - [ThreadPoolManager] Destruction of the end
===2025-08-02 21:13:44.776 WARN  [Thread-6]  com.alibaba.nacos.common.http.HttpClientBeanHolder Line:111 - [HttpClientBeanHolder] Destruction of the end
===2025-08-02 21:13:50.376 WARN  [main]  org.springframework.context.support.PostProcessorRegistrationDelegate$BeanPostProcessorChecker Line:429 - Bean 'com.alibaba.cloud.nacos.NacosConfigAutoConfiguration' of type [com.alibaba.cloud.nacos.NacosConfigAutoConfiguration] is not eligible for getting processed by all BeanPostProcessors (for example: not eligible for auto-proxying). The currently created BeanPostProcessor [nacosAnnotationProcessor] is declared through a non-static factory method on that class; consider declaring it as static instead.
===2025-08-02 21:13:51.080 WARN  [main]  org.springframework.boot.web.servlet.context.AnnotationConfigServletWebServerApplicationContext Line:635 - Exception encountered during context initialization - cancelling refresh attempt: org.springframework.beans.factory.BeanCreationException: Error creating bean with name 'compositeCompatibilityVerifier' defined in class path resource [org/springframework/cloud/configuration/CompatibilityVerifierAutoConfiguration.class]: Failed to instantiate [org.springframework.cloud.configuration.CompositeCompatibilityVerifier]: Factory method 'compositeCompatibilityVerifier' threw exception with message: Spring Cloud/ Spring Boot version compatibility checks have failed: [[VerificationResult@7b1c501d description = 'Spring Boot [3.5.4] is not compatible with this Spring Cloud release train', action = 'Change Spring Boot version to one of the following versions [3.2.x, 3.3.x] .
You can find the latest Spring Boot versions here [https://spring.io/projects/spring-boot#learn]. 
If you want to learn more about the Spring Cloud Release train compatibility, you can visit this page [https://spring.io/projects/spring-cloud#overview] and check the [Release Trains] section.
If you want to disable this check, just set the property [spring.cloud.compatibility-verifier.enabled=false]']]
===2025-08-02 21:13:51.106 WARN  [Thread-8]  com.alibaba.nacos.common.notify.NotifyCenter Line:134 - [NotifyCenter] Start destroying Publisher
===2025-08-02 21:13:51.106 WARN  [Thread-8]  com.alibaba.nacos.common.notify.NotifyCenter Line:151 - [NotifyCenter] Destruction of the end
===2025-08-02 21:13:51.106 WARN  [Thread-6]  com.alibaba.nacos.common.http.HttpClientBeanHolder Line:102 - [HttpClientBeanHolder] Start destroying common HttpClient
===2025-08-02 21:13:51.106 WARN  [Thread-1]  com.alibaba.nacos.common.executor.ThreadPoolManager Line:54  - [ThreadPoolManager] Start destroying ThreadPool
===2025-08-02 21:13:51.106 WARN  [Thread-6]  com.alibaba.nacos.common.http.HttpClientBeanHolder Line:111 - [HttpClientBeanHolder] Destruction of the end
===2025-08-02 21:15:00.258 WARN  [main]  org.springframework.context.support.PostProcessorRegistrationDelegate$BeanPostProcessorChecker Line:429 - Bean 'com.alibaba.cloud.nacos.NacosConfigAutoConfiguration' of type [com.alibaba.cloud.nacos.NacosConfigAutoConfiguration] is not eligible for getting processed by all BeanPostProcessors (for example: not eligible for auto-proxying). The currently created BeanPostProcessor [nacosAnnotationProcessor] is declared through a non-static factory method on that class; consider declaring it as static instead.
===2025-08-02 21:15:01.083 WARN  [main]  org.springframework.boot.web.servlet.context.AnnotationConfigServletWebServerApplicationContext Line:635 - Exception encountered during context initialization - cancelling refresh attempt: org.springframework.beans.factory.BeanCreationException: Error creating bean with name 'compositeCompatibilityVerifier' defined in class path resource [org/springframework/cloud/configuration/CompatibilityVerifierAutoConfiguration.class]: Failed to instantiate [org.springframework.cloud.configuration.CompositeCompatibilityVerifier]: Factory method 'compositeCompatibilityVerifier' threw exception with message: Spring Cloud/ Spring Boot version compatibility checks have failed: [[VerificationResult@32f308c6 description = 'Spring Boot [3.5.4] is not compatible with this Spring Cloud release train', action = 'Change Spring Boot version to one of the following versions [3.2.x, 3.3.x] .
You can find the latest Spring Boot versions here [https://spring.io/projects/spring-boot#learn]. 
If you want to learn more about the Spring Cloud Release train compatibility, you can visit this page [https://spring.io/projects/spring-cloud#overview] and check the [Release Trains] section.
If you want to disable this check, just set the property [spring.cloud.compatibility-verifier.enabled=false]']]
===2025-08-02 21:15:01.113 WARN  [Thread-8]  com.alibaba.nacos.common.notify.NotifyCenter Line:134 - [NotifyCenter] Start destroying Publisher
===2025-08-02 21:15:01.113 WARN  [Thread-8]  com.alibaba.nacos.common.notify.NotifyCenter Line:151 - [NotifyCenter] Destruction of the end
===2025-08-02 21:15:01.113 WARN  [Thread-6]  com.alibaba.nacos.common.http.HttpClientBeanHolder Line:102 - [HttpClientBeanHolder] Start destroying common HttpClient
===2025-08-02 21:15:01.113 WARN  [Thread-1]  com.alibaba.nacos.common.executor.ThreadPoolManager Line:54  - [ThreadPoolManager] Start destroying ThreadPool
===2025-08-02 21:38:33.511 WARN  [main]  org.springframework.boot.web.servlet.context.AnnotationConfigServletWebServerApplicationContext Line:635 - Exception encountered during context initialization - cancelling refresh attempt: org.springframework.beans.factory.BeanCreationException: Error creating bean with name 'compositeCompatibilityVerifier' defined in class path resource [org/springframework/cloud/configuration/CompatibilityVerifierAutoConfiguration.class]: Failed to instantiate [org.springframework.cloud.configuration.CompositeCompatibilityVerifier]: Factory method 'compositeCompatibilityVerifier' threw exception with message: Spring Cloud/ Spring Boot version compatibility checks have failed: [[VerificationResult@5909ae90 description = 'Spring Boot [3.5.4] is not compatible with this Spring Cloud release train', action = 'Change Spring Boot version to one of the following versions [3.2.x, 3.3.x] .
You can find the latest Spring Boot versions here [https://spring.io/projects/spring-boot#learn]. 
If you want to learn more about the Spring Cloud Release train compatibility, you can visit this page [https://spring.io/projects/spring-cloud#overview] and check the [Release Trains] section.
If you want to disable this check, just set the property [spring.cloud.compatibility-verifier.enabled=false]']]
===2025-08-02 21:38:33.544 WARN  [Thread-1]  com.alibaba.nacos.common.executor.ThreadPoolManager Line:54  - [ThreadPoolManager] Start destroying ThreadPool
===2025-08-02 21:38:33.544 WARN  [Thread-6]  com.alibaba.nacos.common.http.HttpClientBeanHolder Line:102 - [HttpClientBeanHolder] Start destroying common HttpClient
===2025-08-02 21:38:33.544 WARN  [Thread-8]  com.alibaba.nacos.common.notify.NotifyCenter Line:134 - [NotifyCenter] Start destroying Publisher
===2025-08-02 21:38:33.544 WARN  [Thread-8]  com.alibaba.nacos.common.notify.NotifyCenter Line:151 - [NotifyCenter] Destruction of the end
===2025-08-02 21:38:33.544 WARN  [Thread-1]  com.alibaba.nacos.common.executor.ThreadPoolManager Line:56  - [ThreadPoolManager] Destruction of the end
===2025-08-02 21:38:33.544 WARN  [Thread-6]  com.alibaba.nacos.common.http.HttpClientBeanHolder Line:111 - [HttpClientBeanHolder] Destruction of the end
===2025-08-02 21:43:06.073 WARN  [Thread-1]  com.alibaba.nacos.common.executor.ThreadPoolManager Line:54  - [ThreadPoolManager] Start destroying ThreadPool
===2025-08-02 21:43:06.074 WARN  [Thread-6]  com.alibaba.nacos.common.http.HttpClientBeanHolder Line:102 - [HttpClientBeanHolder] Start destroying common HttpClient
===2025-08-02 21:43:06.074 WARN  [Thread-8]  com.alibaba.nacos.common.notify.NotifyCenter Line:134 - [NotifyCenter] Start destroying Publisher
===2025-08-02 21:43:06.075 WARN  [Thread-8]  com.alibaba.nacos.common.notify.NotifyCenter Line:151 - [NotifyCenter] Destruction of the end
===2025-08-02 21:43:06.075 WARN  [Thread-1]  com.alibaba.nacos.common.executor.ThreadPoolManager Line:56  - [ThreadPoolManager] Destruction of the end
===2025-08-02 21:43:06.076 WARN  [Thread-6]  com.alibaba.nacos.common.http.HttpClientBeanHolder Line:111 - [HttpClientBeanHolder] Destruction of the end
