===2025-08-08 11:20:30.666 INFO  [main]  com.wgh.nacos3.DemoApplication Line:50  - Starting DemoApplication using Java 21.0.8 with PID 2324 (/Users/joe.wen/Desktop/code/nacos3-springboot3-test/target/classes started by joe.wen in /Users/joe.wen/Desktop/code/nacos3-springboot3-test)
===2025-08-08 11:20:30.668 INFO  [main]  com.wgh.nacos3.DemoApplication Line:654 - No active profile set, falling back to 1 default profile: "default"
===2025-08-08 11:20:30.709 INFO  [main]  com.alibaba.cloud.nacos.configdata.NacosConfigDataLoader Line:252 - [Nacos Config] Load config[dataId=springboot3x.properties, group=DEFAULT_GROUP] success
===2025-08-08 11:20:32.103 INFO  [main]  org.springframework.cloud.context.scope.GenericScope Line:282 - BeanFactory id=be1e1f91-4844-365d-9fd2-35d8ab28e10d
===2025-08-08 11:20:32.626 INFO  [main]  org.springframework.boot.web.embedded.tomcat.TomcatWebServer Line:111 - Tomcat initialized with port 8089 (http)
===2025-08-08 11:20:32.639 INFO  [main]  org.apache.coyote.http11.Http11NioProtocol Line:168 - Initializing ProtocolHandler ["http-nio-8089"]
===2025-08-08 11:20:32.641 INFO  [main]  org.apache.catalina.core.StandardService Line:168 - Starting service [Tomcat]
===2025-08-08 11:20:32.641 INFO  [main]  org.apache.catalina.core.StandardEngine Line:168 - Starting Servlet engine: [Apache Tomcat/10.1.42]
===2025-08-08 11:20:32.694 INFO  [main]  org.apache.catalina.core.ContainerBase.[Tomcat].[localhost].[/] Line:168 - Initializing Spring embedded WebApplicationContext
===2025-08-08 11:20:32.694 INFO  [main]  org.springframework.boot.web.servlet.context.ServletWebServerApplicationContext Line:301 - Root WebApplicationContext: initialization completed in 1983 ms
===2025-08-08 11:20:32.900 INFO  [main]  com.alibaba.cloud.nacos.annotation.NacosAnnotationProcessor Line:89  - [Nacos Config] Listening config for annotation: dataId=routeconfig, group=config
===2025-08-08 11:20:32.949 INFO  [main]  com.alibaba.cloud.nacos.annotation.NacosAnnotationProcessor Line:485 - [Nacos Config] register configController#filed#rate listener on com.wgh.nacos3.controller.config.ConfigController@341964d0
===2025-08-08 11:20:33.330 INFO  [main]  org.apache.catalina.core.StandardService Line:168 - Stopping service [Tomcat]
===2025-08-08 11:20:33.350 INFO  [main]  org.springframework.boot.autoconfigure.logging.ConditionEvaluationReportLogger Line:82  - 

Error starting ApplicationContext. To display the condition evaluation report re-run your application with 'debug' enabled.
===2025-08-08 11:21:17.865 INFO  [main]  com.wgh.nacos3.DemoApplication Line:50  - Starting DemoApplication using Java 21.0.8 with PID 2347 (/Users/joe.wen/Desktop/code/nacos3-springboot3-test/target/classes started by joe.wen in /Users/joe.wen/Desktop/code/nacos3-springboot3-test)
===2025-08-08 11:21:17.867 INFO  [main]  com.wgh.nacos3.DemoApplication Line:654 - No active profile set, falling back to 1 default profile: "default"
===2025-08-08 11:21:17.910 INFO  [main]  com.alibaba.cloud.nacos.configdata.NacosConfigDataLoader Line:252 - [Nacos Config] Load config[dataId=springboot3x.properties, group=DEFAULT_GROUP] success
===2025-08-08 11:21:19.157 INFO  [main]  org.springframework.cloud.context.scope.GenericScope Line:282 - BeanFactory id=be1e1f91-4844-365d-9fd2-35d8ab28e10d
===2025-08-08 11:21:19.643 INFO  [main]  org.springframework.boot.web.embedded.tomcat.TomcatWebServer Line:111 - Tomcat initialized with port 8089 (http)
===2025-08-08 11:21:19.657 INFO  [main]  org.apache.coyote.http11.Http11NioProtocol Line:168 - Initializing ProtocolHandler ["http-nio-8089"]
===2025-08-08 11:21:19.659 INFO  [main]  org.apache.catalina.core.StandardService Line:168 - Starting service [Tomcat]
===2025-08-08 11:21:19.660 INFO  [main]  org.apache.catalina.core.StandardEngine Line:168 - Starting Servlet engine: [Apache Tomcat/10.1.42]
===2025-08-08 11:21:19.709 INFO  [main]  org.apache.catalina.core.ContainerBase.[Tomcat].[localhost].[/] Line:168 - Initializing Spring embedded WebApplicationContext
===2025-08-08 11:21:19.710 INFO  [main]  org.springframework.boot.web.servlet.context.ServletWebServerApplicationContext Line:301 - Root WebApplicationContext: initialization completed in 1799 ms
===2025-08-08 11:21:19.907 INFO  [main]  com.alibaba.cloud.nacos.annotation.NacosAnnotationProcessor Line:89  - [Nacos Config] Listening config for annotation: dataId=routeconfig, group=config
===2025-08-08 11:21:19.972 INFO  [main]  com.alibaba.cloud.nacos.annotation.NacosAnnotationProcessor Line:485 - [Nacos Config] register configController#filed#rate listener on com.wgh.nacos3.controller.config.ConfigController@296bfddb
===2025-08-08 11:21:20.448 INFO  [main]  org.apache.catalina.core.StandardService Line:168 - Stopping service [Tomcat]
===2025-08-08 11:21:20.468 INFO  [main]  org.springframework.boot.autoconfigure.logging.ConditionEvaluationReportLogger Line:82  - 

Error starting ApplicationContext. To display the condition evaluation report re-run your application with 'debug' enabled.
===2025-08-08 11:25:47.958 INFO  [main]  com.wgh.nacos3.DemoApplication Line:50  - Starting DemoApplication using Java 21.0.8 with PID 2423 (/Users/joe.wen/Desktop/code/nacos3-springboot3-test/target/classes started by joe.wen in /Users/joe.wen/Desktop/code/nacos3-springboot3-test)
===2025-08-08 11:25:47.960 INFO  [main]  com.wgh.nacos3.DemoApplication Line:654 - No active profile set, falling back to 1 default profile: "default"
===2025-08-08 11:25:48.005 INFO  [main]  com.alibaba.cloud.nacos.configdata.NacosConfigDataLoader Line:252 - [Nacos Config] Load config[dataId=springboot3x.properties, group=DEFAULT_GROUP] success
===2025-08-08 11:25:49.135 INFO  [main]  org.springframework.cloud.context.scope.GenericScope Line:282 - BeanFactory id=90e79314-8131-3c8b-a4f0-26cf5629d42c
===2025-08-08 11:25:49.615 INFO  [main]  org.springframework.boot.web.embedded.tomcat.TomcatWebServer Line:111 - Tomcat initialized with port 8089 (http)
===2025-08-08 11:25:49.629 INFO  [main]  org.apache.coyote.http11.Http11NioProtocol Line:168 - Initializing ProtocolHandler ["http-nio-8089"]
===2025-08-08 11:25:49.631 INFO  [main]  org.apache.catalina.core.StandardService Line:168 - Starting service [Tomcat]
===2025-08-08 11:25:49.632 INFO  [main]  org.apache.catalina.core.StandardEngine Line:168 - Starting Servlet engine: [Apache Tomcat/10.1.42]
===2025-08-08 11:25:49.682 INFO  [main]  org.apache.catalina.core.ContainerBase.[Tomcat].[localhost].[/] Line:168 - Initializing Spring embedded WebApplicationContext
===2025-08-08 11:25:49.685 INFO  [main]  org.springframework.boot.web.servlet.context.ServletWebServerApplicationContext Line:301 - Root WebApplicationContext: initialization completed in 1677 ms
===2025-08-08 11:25:49.889 INFO  [main]  com.alibaba.cloud.nacos.annotation.NacosAnnotationProcessor Line:89  - [Nacos Config] Listening config for annotation: dataId=routeconfig, group=config
===2025-08-08 11:25:49.939 INFO  [main]  com.alibaba.cloud.nacos.annotation.NacosAnnotationProcessor Line:485 - [Nacos Config] register configController#filed#rate listener on com.wgh.nacos3.controller.config.ConfigController@129c760d
===2025-08-08 11:25:50.377 INFO  [main]  com.alibaba.cloud.nacos.annotation.NacosAnnotationProcessor Line:89  - [Nacos Config] Listening config for annotation: dataId=spring.ai.alibaba.configurable.prompt, group=DEFAULT_GROUP
===2025-08-08 11:25:50.378 INFO  [main]  com.alibaba.cloud.nacos.annotation.NacosAnnotationProcessor Line:330 - [Nacos Config] register configurablePromptTemplateFactory#method#onConfigChange(List) listener on com.alibaba.cloud.ai.prompt.ConfigurablePromptTemplateFactory@63062eea 
===2025-08-08 11:25:50.389 INFO  [main]  com.alibaba.cloud.nacos.annotation.NacosAnnotationProcessor Line:330 - [Nacos Config] register myRateConfigService#method#rate(String) listener on com.wgh.nacos3.listener.nacos.MyRateConfigService@10820978
===2025-08-08 11:26:12.708 INFO  [main]  org.springframework.boot.actuate.endpoint.web.EndpointLinksResolver Line:60  - Exposing 1 endpoint beneath base path '/actuator'
===2025-08-08 11:26:12.787 INFO  [main]  org.apache.coyote.http11.Http11NioProtocol Line:168 - Starting ProtocolHandler ["http-nio-8089"]
===2025-08-08 11:26:12.799 INFO  [main]  org.springframework.boot.web.embedded.tomcat.TomcatWebServer Line:243 - Tomcat started on port 8089 (http) with context path '/'
===2025-08-08 11:26:12.819 INFO  [main]  com.alibaba.nacos.plugin.auth.spi.client.ClientAuthPluginManager Line:56  - [ClientAuthPluginManager] Load ClientAuthService com.alibaba.nacos.client.auth.impl.NacosClientAuthServiceImpl success.
===2025-08-08 11:26:12.820 INFO  [main]  com.alibaba.nacos.plugin.auth.spi.client.ClientAuthPluginManager Line:56  - [ClientAuthPluginManager] Load ClientAuthService com.alibaba.nacos.client.auth.ram.RamClientAuthServiceImpl success.
===2025-08-08 11:26:12.985 INFO  [main]  com.alibaba.cloud.nacos.registry.NacosServiceRegistry Line:76  - nacos registry, DEFAULT_GROUP springboot3x 172.20.10.7:8089 register finished
===2025-08-08 11:26:13.002 INFO  [main]  com.wgh.nacos3.DemoApplication Line:56  - Started DemoApplication in 26.591 seconds (process running for 27.207)
===2025-08-08 11:26:13.011 INFO  [main]  com.alibaba.cloud.nacos.refresh.NacosContextRefresher Line:145 - [Nacos Config] Listening config: dataId=springboot3x.properties, group=DEFAULT_GROUP
===2025-08-08 11:26:13.605 INFO  [RMI TCP Connection(4)-127.0.0.1]  org.apache.catalina.core.ContainerBase.[Tomcat].[localhost].[/] Line:168 - Initializing Spring DispatcherServlet 'dispatcherServlet'
===2025-08-08 11:26:13.605 INFO  [RMI TCP Connection(4)-127.0.0.1]  org.springframework.web.servlet.DispatcherServlet Line:532 - Initializing Servlet 'dispatcherServlet'
===2025-08-08 11:26:13.608 INFO  [RMI TCP Connection(4)-127.0.0.1]  org.springframework.web.servlet.DispatcherServlet Line:554 - Completed initialization in 3 ms
===2025-08-08 11:27:23.933 INFO  [nacos.client.config.listener.task-0]  com.alibaba.cloud.ai.prompt.ConfigurablePromptTemplateFactory Line:66  - OnPromptTemplateConfigChange,templateName:author,template:列出 {author} 有名的著作，只需要书名清单,model:{author=鲁迅}
===2025-08-08 11:27:44.505 INFO  [http-nio-8089-exec-1]  com.wgh.nacos3.controller.ai.PromptController Line:70  - 最终构建的 prompt 为：列出 鲁迅 有名的著作，只需要书名清单
===2025-08-08 11:28:44.810 INFO  [nacos.client.config.listener.task-0]  com.alibaba.cloud.ai.prompt.ConfigurablePromptTemplateFactory Line:66  - OnPromptTemplateConfigChange,templateName:author,template:介绍 {author}，列出其生平经历和文学成就,model:{author=鲁迅}
===2025-08-08 11:28:48.689 INFO  [http-nio-8089-exec-5]  com.wgh.nacos3.controller.ai.PromptController Line:70  - 最终构建的 prompt 为：介绍 鲁迅，列出其生平经历和文学成就
===2025-08-08 11:29:22.632 INFO  [http-nio-8089-exec-8]  com.wgh.nacos3.controller.ai.PromptController Line:70  - 最终构建的 prompt 为：介绍 鲁迅，列出其生平经历和文学成就
===2025-08-08 11:32:38.999 INFO  [SpringApplicationShutdownHook]  com.alibaba.cloud.nacos.registry.NacosServiceRegistry Line:95  - De-registering from Nacos Server now...
===2025-08-08 11:32:39.017 INFO  [SpringApplicationShutdownHook]  com.alibaba.cloud.nacos.registry.NacosServiceRegistry Line:115 - De-registration finished.
