===2025-08-02 21:05:22.614 INFO  [main]  com.wgh.nacos3.DemoApplication Line:53  - Starting DemoApplication using Java 21.0.8 with PID 3074 (/Users/joe.wen/Desktop/code/nacos3-springboot3-test/target/classes started by joe.wen in /Users/joe.wen/Desktop/code/nacos3-springboot3-test)
===2025-08-02 21:05:22.616 INFO  [main]  com.wgh.nacos3.DemoApplication Line:652 - No active profile set, falling back to 1 default profile: "default"
===2025-08-02 21:05:22.653 INFO  [main]  com.alibaba.cloud.nacos.configdata.NacosConfigDataLoader Line:252 - [Nacos Config] Load config[dataId=springboot3x.properties, group=DEFAULT_GROUP] success
===2025-08-02 21:05:23.324 INFO  [main]  org.springframework.boot.web.embedded.tomcat.TomcatWebServer Line:111 - Tomcat initialized with port 8080 (http)
===2025-08-02 21:05:23.334 INFO  [main]  org.apache.coyote.http11.Http11NioProtocol Line:168 - Initializing ProtocolHandler ["http-nio-8080"]
===2025-08-02 21:05:23.335 INFO  [main]  org.apache.catalina.core.StandardService Line:168 - Starting service [Tomcat]
===2025-08-02 21:05:23.336 INFO  [main]  org.apache.catalina.core.StandardEngine Line:168 - Starting Servlet engine: [Apache Tomcat/10.1.43]
===2025-08-02 21:05:23.370 INFO  [main]  org.apache.catalina.core.ContainerBase.[Tomcat].[localhost].[/] Line:168 - Initializing Spring embedded WebApplicationContext
===2025-08-02 21:05:23.370 INFO  [main]  org.springframework.boot.web.servlet.context.ServletWebServerApplicationContext Line:301 - Root WebApplicationContext: initialization completed in 715 ms
===2025-08-02 21:05:23.446 INFO  [main]  com.alibaba.cloud.nacos.annotation.NacosAnnotationProcessor Line:85  - [Nacos Config] Listening config for annotation: dataId=routeconfig, group=config
===2025-08-02 21:05:23.496 INFO  [main]  com.alibaba.cloud.nacos.annotation.NacosAnnotationProcessor Line:472 - [Nacos Config] register configController#filed#rate listener on com.wgh.nacos3.controller.config.ConfigController@25e8e59
===2025-08-02 21:05:23.505 INFO  [main]  com.alibaba.cloud.nacos.annotation.NacosAnnotationProcessor Line:322 - [Nacos Config] register myRateConfigService#method#rate(String) listener on com.wgh.nacos3.listener.nacos.MyRateConfigService@5c70d7f0
===2025-08-02 21:05:23.805 INFO  [main]  org.apache.coyote.http11.Http11NioProtocol Line:168 - Starting ProtocolHandler ["http-nio-8080"]
===2025-08-02 21:05:23.818 INFO  [main]  org.springframework.boot.autoconfigure.logging.ConditionEvaluationReportLogger Line:82  - 

Error starting ApplicationContext. To display the condition evaluation report re-run your application with 'debug' enabled.
===2025-08-02 21:06:11.573 INFO  [main]  com.wgh.nacos3.DemoApplication Line:53  - Starting DemoApplication using Java 21.0.8 with PID 3095 (/Users/joe.wen/Desktop/code/nacos3-springboot3-test/target/classes started by joe.wen in /Users/joe.wen/Desktop/code/nacos3-springboot3-test)
===2025-08-02 21:06:11.575 INFO  [main]  com.wgh.nacos3.DemoApplication Line:652 - No active profile set, falling back to 1 default profile: "default"
===2025-08-02 21:06:11.614 INFO  [main]  com.alibaba.cloud.nacos.configdata.NacosConfigDataLoader Line:252 - [Nacos Config] Load config[dataId=springboot3x.properties, group=DEFAULT_GROUP] success
===2025-08-02 21:06:12.271 INFO  [main]  org.springframework.boot.web.embedded.tomcat.TomcatWebServer Line:111 - Tomcat initialized with port 8088 (http)
===2025-08-02 21:06:12.281 INFO  [main]  org.apache.coyote.http11.Http11NioProtocol Line:168 - Initializing ProtocolHandler ["http-nio-8088"]
===2025-08-02 21:06:12.282 INFO  [main]  org.apache.catalina.core.StandardService Line:168 - Starting service [Tomcat]
===2025-08-02 21:06:12.283 INFO  [main]  org.apache.catalina.core.StandardEngine Line:168 - Starting Servlet engine: [Apache Tomcat/10.1.43]
===2025-08-02 21:06:12.315 INFO  [main]  org.apache.catalina.core.ContainerBase.[Tomcat].[localhost].[/] Line:168 - Initializing Spring embedded WebApplicationContext
===2025-08-02 21:06:12.316 INFO  [main]  org.springframework.boot.web.servlet.context.ServletWebServerApplicationContext Line:301 - Root WebApplicationContext: initialization completed in 699 ms
===2025-08-02 21:06:12.400 INFO  [main]  com.alibaba.cloud.nacos.annotation.NacosAnnotationProcessor Line:85  - [Nacos Config] Listening config for annotation: dataId=routeconfig, group=config
===2025-08-02 21:06:12.438 INFO  [main]  com.alibaba.cloud.nacos.annotation.NacosAnnotationProcessor Line:472 - [Nacos Config] register configController#filed#rate listener on com.wgh.nacos3.controller.config.ConfigController@6e8f2094
===2025-08-02 21:06:12.441 INFO  [main]  com.alibaba.cloud.nacos.annotation.NacosAnnotationProcessor Line:322 - [Nacos Config] register myRateConfigService#method#rate(String) listener on com.wgh.nacos3.listener.nacos.MyRateConfigService@7f5ce33e
===2025-08-02 21:06:12.725 INFO  [main]  org.apache.coyote.http11.Http11NioProtocol Line:168 - Starting ProtocolHandler ["http-nio-8088"]
===2025-08-02 21:06:12.734 INFO  [main]  org.springframework.boot.web.embedded.tomcat.TomcatWebServer Line:243 - Tomcat started on port 8088 (http) with context path '/'
===2025-08-02 21:06:12.741 INFO  [main]  com.wgh.nacos3.DemoApplication Line:59  - Started DemoApplication in 2.681 seconds (process running for 3.301)
===2025-08-02 21:06:12.743 INFO  [main]  com.alibaba.cloud.nacos.refresh.NacosContextRefresher Line:145 - [Nacos Config] Listening config: dataId=springboot3x.properties, group=DEFAULT_GROUP
===2025-08-02 21:07:23.261 INFO  [nacos.client.config.listener.task-0]  com.alibaba.cloud.nacos.refresh.NacosContextRefresher Line:122 - [Nacos Config] Receive Nacos config change: dataId=springboot3x.properties, group=DEFAULT_GROUP
===2025-08-02 21:07:58.567 INFO  [http-nio-8088-exec-1]  org.apache.catalina.core.ContainerBase.[Tomcat].[localhost].[/] Line:168 - Initializing Spring DispatcherServlet 'dispatcherServlet'
===2025-08-02 21:07:58.568 INFO  [http-nio-8088-exec-1]  org.springframework.web.servlet.DispatcherServlet Line:532 - Initializing Servlet 'dispatcherServlet'
===2025-08-02 21:07:58.575 INFO  [http-nio-8088-exec-1]  org.springframework.web.servlet.DispatcherServlet Line:554 - Completed initialization in 7 ms
===2025-08-02 21:13:44.794 INFO  [SpringApplicationShutdownHook]  org.springframework.boot.web.embedded.tomcat.GracefulShutdown Line:54  - Commencing graceful shutdown. Waiting for active requests to complete
===2025-08-02 21:13:44.805 INFO  [tomcat-shutdown]  org.springframework.boot.web.embedded.tomcat.GracefulShutdown Line:76  - Graceful shutdown complete
===2025-08-02 21:13:49.855 INFO  [main]  com.wgh.nacos3.DemoApplication Line:53  - Starting DemoApplication using Java 21.0.8 with PID 3197 (/Users/joe.wen/Desktop/code/nacos3-springboot3-test/target/classes started by joe.wen in /Users/joe.wen/Desktop/code/nacos3-springboot3-test)
===2025-08-02 21:13:49.858 INFO  [main]  com.wgh.nacos3.DemoApplication Line:652 - No active profile set, falling back to 1 default profile: "default"
===2025-08-02 21:13:49.908 INFO  [main]  com.alibaba.cloud.nacos.configdata.NacosConfigDataLoader Line:252 - [Nacos Config] Load config[dataId=springboot3x.properties, group=DEFAULT_GROUP] success
===2025-08-02 21:13:50.360 INFO  [main]  org.springframework.cloud.context.scope.GenericScope Line:282 - BeanFactory id=ea9af3bb-a861-321a-950f-d0834ac98afc
===2025-08-02 21:13:50.602 INFO  [main]  org.springframework.boot.web.embedded.tomcat.TomcatWebServer Line:111 - Tomcat initialized with port 8088 (http)
===2025-08-02 21:13:50.611 INFO  [main]  org.apache.coyote.http11.Http11NioProtocol Line:168 - Initializing ProtocolHandler ["http-nio-8088"]
===2025-08-02 21:13:50.613 INFO  [main]  org.apache.catalina.core.StandardService Line:168 - Starting service [Tomcat]
===2025-08-02 21:13:50.613 INFO  [main]  org.apache.catalina.core.StandardEngine Line:168 - Starting Servlet engine: [Apache Tomcat/10.1.43]
===2025-08-02 21:13:50.643 INFO  [main]  org.apache.catalina.core.ContainerBase.[Tomcat].[localhost].[/] Line:168 - Initializing Spring embedded WebApplicationContext
===2025-08-02 21:13:50.644 INFO  [main]  org.springframework.boot.web.servlet.context.ServletWebServerApplicationContext Line:301 - Root WebApplicationContext: initialization completed in 734 ms
===2025-08-02 21:13:50.718 INFO  [main]  com.alibaba.cloud.nacos.annotation.NacosAnnotationProcessor Line:85  - [Nacos Config] Listening config for annotation: dataId=routeconfig, group=config
===2025-08-02 21:13:50.756 INFO  [main]  com.alibaba.cloud.nacos.annotation.NacosAnnotationProcessor Line:472 - [Nacos Config] register configController#filed#rate listener on com.wgh.nacos3.controller.config.ConfigController@701d2b59
===2025-08-02 21:13:50.758 INFO  [main]  com.alibaba.cloud.nacos.annotation.NacosAnnotationProcessor Line:322 - [Nacos Config] register myRateConfigService#method#rate(String) listener on com.wgh.nacos3.listener.nacos.MyRateConfigService@45d7495e
===2025-08-02 21:13:51.083 INFO  [main]  org.apache.catalina.core.StandardService Line:168 - Stopping service [Tomcat]
===2025-08-02 21:13:51.092 INFO  [main]  org.springframework.boot.autoconfigure.logging.ConditionEvaluationReportLogger Line:82  - 

Error starting ApplicationContext. To display the condition evaluation report re-run your application with 'debug' enabled.
===2025-08-02 21:14:59.694 INFO  [main]  com.wgh.nacos3.DemoApplication Line:53  - Starting DemoApplication using Java 21.0.8 with PID 3208 (/Users/joe.wen/Desktop/code/nacos3-springboot3-test/target/classes started by joe.wen in /Users/joe.wen/Desktop/code/nacos3-springboot3-test)
===2025-08-02 21:14:59.698 INFO  [main]  com.wgh.nacos3.DemoApplication Line:652 - No active profile set, falling back to 1 default profile: "default"
===2025-08-02 21:14:59.742 INFO  [main]  com.alibaba.cloud.nacos.configdata.NacosConfigDataLoader Line:252 - [Nacos Config] Load config[dataId=springboot3x.properties, group=DEFAULT_GROUP] success
===2025-08-02 21:15:00.241 INFO  [main]  org.springframework.cloud.context.scope.GenericScope Line:282 - BeanFactory id=ea9af3bb-a861-321a-950f-d0834ac98afc
===2025-08-02 21:15:00.506 INFO  [main]  org.springframework.boot.web.embedded.tomcat.TomcatWebServer Line:111 - Tomcat initialized with port 8088 (http)
===2025-08-02 21:15:00.515 INFO  [main]  org.apache.coyote.http11.Http11NioProtocol Line:168 - Initializing ProtocolHandler ["http-nio-8088"]
===2025-08-02 21:15:00.517 INFO  [main]  org.apache.catalina.core.StandardService Line:168 - Starting service [Tomcat]
===2025-08-02 21:15:00.517 INFO  [main]  org.apache.catalina.core.StandardEngine Line:168 - Starting Servlet engine: [Apache Tomcat/10.1.43]
===2025-08-02 21:15:00.549 INFO  [main]  org.apache.catalina.core.ContainerBase.[Tomcat].[localhost].[/] Line:168 - Initializing Spring embedded WebApplicationContext
===2025-08-02 21:15:00.549 INFO  [main]  org.springframework.boot.web.servlet.context.ServletWebServerApplicationContext Line:301 - Root WebApplicationContext: initialization completed in 805 ms
===2025-08-02 21:15:00.627 INFO  [main]  com.alibaba.cloud.nacos.annotation.NacosAnnotationProcessor Line:85  - [Nacos Config] Listening config for annotation: dataId=routeconfig, group=config
===2025-08-02 21:15:00.691 INFO  [main]  com.alibaba.cloud.nacos.annotation.NacosAnnotationProcessor Line:472 - [Nacos Config] register configController#filed#rate listener on com.wgh.nacos3.controller.config.ConfigController@5d717f19
===2025-08-02 21:15:00.694 INFO  [main]  com.alibaba.cloud.nacos.annotation.NacosAnnotationProcessor Line:322 - [Nacos Config] register myRateConfigService#method#rate(String) listener on com.wgh.nacos3.listener.nacos.MyRateConfigService@27896d3b
===2025-08-02 21:15:01.086 INFO  [main]  org.apache.catalina.core.StandardService Line:168 - Stopping service [Tomcat]
===2025-08-02 21:15:01.095 INFO  [main]  org.springframework.boot.autoconfigure.logging.ConditionEvaluationReportLogger Line:82  - 

Error starting ApplicationContext. To display the condition evaluation report re-run your application with 'debug' enabled.
===2025-08-02 21:38:32.129 INFO  [main]  com.wgh.nacos3.DemoApplication Line:53  - Starting DemoApplication using Java 21.0.8 with PID 3702 (/Users/joe.wen/Desktop/code/nacos3-springboot3-test/target/classes started by joe.wen in /Users/joe.wen/Desktop/code/nacos3-springboot3-test)
===2025-08-02 21:38:32.131 INFO  [main]  com.wgh.nacos3.DemoApplication Line:652 - No active profile set, falling back to 1 default profile: "default"
===2025-08-02 21:38:32.168 INFO  [main]  com.alibaba.cloud.nacos.configdata.NacosConfigDataLoader Line:252 - [Nacos Config] Load config[dataId=springboot3x.properties, group=DEFAULT_GROUP] success
===2025-08-02 21:38:32.746 INFO  [main]  org.springframework.cloud.context.scope.GenericScope Line:282 - BeanFactory id=ea9af3bb-a861-321a-950f-d0834ac98afc
===2025-08-02 21:38:32.997 INFO  [main]  org.springframework.boot.web.embedded.tomcat.TomcatWebServer Line:111 - Tomcat initialized with port 8088 (http)
===2025-08-02 21:38:33.007 INFO  [main]  org.apache.coyote.http11.Http11NioProtocol Line:168 - Initializing ProtocolHandler ["http-nio-8088"]
===2025-08-02 21:38:33.008 INFO  [main]  org.apache.catalina.core.StandardService Line:168 - Starting service [Tomcat]
===2025-08-02 21:38:33.008 INFO  [main]  org.apache.catalina.core.StandardEngine Line:168 - Starting Servlet engine: [Apache Tomcat/10.1.43]
===2025-08-02 21:38:33.039 INFO  [main]  org.apache.catalina.core.ContainerBase.[Tomcat].[localhost].[/] Line:168 - Initializing Spring embedded WebApplicationContext
===2025-08-02 21:38:33.040 INFO  [main]  org.springframework.boot.web.servlet.context.ServletWebServerApplicationContext Line:301 - Root WebApplicationContext: initialization completed in 870 ms
===2025-08-02 21:38:33.115 INFO  [main]  com.alibaba.cloud.nacos.annotation.NacosAnnotationProcessor Line:89  - [Nacos Config] Listening config for annotation: dataId=routeconfig, group=config
===2025-08-02 21:38:33.164 INFO  [main]  com.alibaba.cloud.nacos.annotation.NacosAnnotationProcessor Line:485 - [Nacos Config] register configController#filed#rate listener on com.wgh.nacos3.controller.config.ConfigController@63a84bb6
===2025-08-02 21:38:33.167 INFO  [main]  com.alibaba.cloud.nacos.annotation.NacosAnnotationProcessor Line:330 - [Nacos Config] register myRateConfigService#method#rate(String) listener on com.wgh.nacos3.listener.nacos.MyRateConfigService@5c33008f
===2025-08-02 21:38:33.515 INFO  [main]  org.apache.catalina.core.StandardService Line:168 - Stopping service [Tomcat]
===2025-08-02 21:38:33.525 INFO  [main]  org.springframework.boot.autoconfigure.logging.ConditionEvaluationReportLogger Line:82  - 

Error starting ApplicationContext. To display the condition evaluation report re-run your application with 'debug' enabled.
===2025-08-02 21:41:22.847 INFO  [main]  com.wgh.nacos3.DemoApplication Line:50  - Starting DemoApplication using Java 21.0.8 with PID 3745 (/Users/joe.wen/Desktop/code/nacos3-springboot3-test/target/classes started by joe.wen in /Users/joe.wen/Desktop/code/nacos3-springboot3-test)
===2025-08-02 21:41:22.849 INFO  [main]  com.wgh.nacos3.DemoApplication Line:654 - No active profile set, falling back to 1 default profile: "default"
===2025-08-02 21:41:22.878 INFO  [main]  com.alibaba.cloud.nacos.configdata.NacosConfigDataLoader Line:252 - [Nacos Config] Load config[dataId=springboot3x.properties, group=DEFAULT_GROUP] success
===2025-08-02 21:41:23.369 INFO  [main]  org.springframework.cloud.context.scope.GenericScope Line:282 - BeanFactory id=039caec7-d99a-332f-8f26-91b8f2ecb895
===2025-08-02 21:41:23.640 INFO  [main]  org.springframework.boot.web.embedded.tomcat.TomcatWebServer Line:111 - Tomcat initialized with port 8088 (http)
===2025-08-02 21:41:23.653 INFO  [main]  org.apache.coyote.http11.Http11NioProtocol Line:168 - Initializing ProtocolHandler ["http-nio-8088"]
===2025-08-02 21:41:23.654 INFO  [main]  org.apache.catalina.core.StandardService Line:168 - Starting service [Tomcat]
===2025-08-02 21:41:23.654 INFO  [main]  org.apache.catalina.core.StandardEngine Line:168 - Starting Servlet engine: [Apache Tomcat/10.1.42]
===2025-08-02 21:41:23.691 INFO  [main]  org.apache.catalina.core.ContainerBase.[Tomcat].[localhost].[/] Line:168 - Initializing Spring embedded WebApplicationContext
===2025-08-02 21:41:23.691 INFO  [main]  org.springframework.boot.web.servlet.context.ServletWebServerApplicationContext Line:301 - Root WebApplicationContext: initialization completed in 812 ms
===2025-08-02 21:41:23.763 INFO  [main]  com.alibaba.cloud.nacos.annotation.NacosAnnotationProcessor Line:89  - [Nacos Config] Listening config for annotation: dataId=routeconfig, group=config
===2025-08-02 21:41:23.807 INFO  [main]  com.alibaba.cloud.nacos.annotation.NacosAnnotationProcessor Line:485 - [Nacos Config] register configController#filed#rate listener on com.wgh.nacos3.controller.config.ConfigController@6e068ac9
===2025-08-02 21:41:23.809 INFO  [main]  com.alibaba.cloud.nacos.annotation.NacosAnnotationProcessor Line:330 - [Nacos Config] register myRateConfigService#method#rate(String) listener on com.wgh.nacos3.listener.nacos.MyRateConfigService@54329480
===2025-08-02 21:41:24.190 INFO  [main]  org.apache.coyote.http11.Http11NioProtocol Line:168 - Starting ProtocolHandler ["http-nio-8088"]
===2025-08-02 21:41:24.198 INFO  [main]  org.springframework.boot.web.embedded.tomcat.TomcatWebServer Line:243 - Tomcat started on port 8088 (http) with context path '/'
===2025-08-02 21:41:24.220 INFO  [main]  com.alibaba.nacos.plugin.auth.spi.client.ClientAuthPluginManager Line:56  - [ClientAuthPluginManager] Load ClientAuthService com.alibaba.nacos.client.auth.impl.NacosClientAuthServiceImpl success.
===2025-08-02 21:41:24.221 INFO  [main]  com.alibaba.nacos.plugin.auth.spi.client.ClientAuthPluginManager Line:56  - [ClientAuthPluginManager] Load ClientAuthService com.alibaba.nacos.client.auth.ram.RamClientAuthServiceImpl success.
===2025-08-02 21:41:24.838 INFO  [main]  com.alibaba.cloud.nacos.registry.NacosServiceRegistry Line:76  - nacos registry, DEFAULT_GROUP springboot3x 192.168.1.102:8088 register finished
===2025-08-02 21:41:24.852 INFO  [main]  com.wgh.nacos3.DemoApplication Line:56  - Started DemoApplication in 3.676 seconds (process running for 4.349)
===2025-08-02 21:41:24.856 INFO  [main]  com.alibaba.cloud.nacos.refresh.NacosContextRefresher Line:145 - [Nacos Config] Listening config: dataId=springboot3x.properties, group=DEFAULT_GROUP
===2025-08-02 21:42:43.661 INFO  [nacos.client.config.listener.task-0]  com.alibaba.cloud.nacos.refresh.NacosContextRefresher Line:122 - [Nacos Config] Receive Nacos config change: dataId=springboot3x.properties, group=DEFAULT_GROUP
===2025-08-02 21:42:43.854 INFO  [nacos.client.config.listener.task-0]  com.alibaba.cloud.nacos.configdata.NacosConfigDataLoader Line:151 - [Nacos Config] Load config[dataId=springboot3x.properties, group=DEFAULT_GROUP] success
===2025-08-02 21:42:43.937 INFO  [nacos.client.config.listener.task-0]  org.springframework.cloud.endpoint.event.RefreshEventListener Line:73  - Refresh keys changed: [dataId2]
===2025-08-02 21:43:06.077 INFO  [SpringApplicationShutdownHook]  com.alibaba.cloud.nacos.registry.NacosServiceRegistry Line:95  - De-registering from Nacos Server now...
===2025-08-02 21:43:06.101 INFO  [SpringApplicationShutdownHook]  com.alibaba.cloud.nacos.registry.NacosServiceRegistry Line:115 - De-registration finished.
